# JRE version: OpenJDK Runtime Environment Temurin-21.0.3+9 (21.0.3+9) (build 21.0.3+9-LTS)
# Java VM: OpenJDK 64-Bit Server VM Temurin-21.0.3+9 (21.0.3+9-LTS, mixed mode, emulated-client, tiered, compressed oops, compressed class ptrs, g1 gc, windows-amd64)
GC Precious Log:
 CardTable entry size: 512
 Card Set container configuration: InlinePtr #cards 4 size 8 Array Of Cards #cards 16 size 48 Howl #buckets 8 coarsen threshold 3686 Howl Bitmap #cards 512 size 80 coarsen threshold 460 Card regions per heap region 1 cards per card region 4096
 CPUs: 8 total, 8 available
 Memory: 16261M
 Large Page Support: Disabled
 NUMA Support: Disabled
 Compressed Oops: Enabled (Zero based)
 Heap Region Size: 2M
 Heap Min Capacity: 8M
 Heap Initial Capacity: 256M
 Heap Max Capacity: 4066M
 Pre-touch: Disabled
 Parallel Workers: 8
 Concurrent Workers: 2
 Concurrent Refinement Workers: 8
 Periodic GC: Disabled
Heap:
 garbage-first heap   total 98304K, used 76950K [0x0000000701e00000, 0x0000000800000000)
  region size 2048K, 25 young (51200K), 2 survivors (4096K)
 Metaspace       used 90692K, committed 91584K, reserved 1179648K
  class space    used 11887K, committed 12288K, reserved 1048576K
GC Heap History (20 events):
Event: 1205.958 GC heap before
{Heap before GC invocations=63 (full 5):
 garbage-first heap   total 96256K, used 52443K [0x0000000701e00000, 0x0000000800000000)
  region size 2048K, 12 young (24576K), 2 survivors (4096K)
 Metaspace       used 89896K, committed 90624K, reserved 1179648K
  class space    used 11830K, committed 12160K, reserved 1048576K
}
Event: 1206.019 GC heap after
{Heap after GC invocations=64 (full 6):
 garbage-first heap   total 96256K, used 26759K [0x0000000701e00000, 0x0000000800000000)
  region size 2048K, 0 young (0K), 0 survivors (0K)
 Metaspace       used 89864K, committed 90624K, reserved 1179648K
  class space    used 11823K, committed 12160K, reserved 1048576K
}
Event: 1206.896 GC heap before
{Heap before GC invocations=64 (full 6):
 garbage-first heap   total 96256K, used 82055K [0x0000000701e00000, 0x0000000800000000)
  region size 2048K, 28 young (57344K), 0 survivors (0K)
 Metaspace       used 90255K, committed 91008K, reserved 1179648K
  class space    used 11884K, committed 12224K, reserved 1048576K
}
Event: 1206.901 GC heap after
{Heap after GC invocations=65 (full 6):
 garbage-first heap   total 98304K, used 33087K [0x0000000701e00000, 0x0000000800000000)
  region size 2048K, 4 young (8192K), 4 survivors (8192K)
 Metaspace       used 90255K, committed 91008K, reserved 1179648K
  class space    used 11884K, committed 12224K, reserved 1048576K
}
Event: 1241.169 GC heap before
{Heap before GC invocations=66 (full 6):
 garbage-first heap   total 98304K, used 76095K [0x0000000701e00000, 0x0000000800000000)
  region size 2048K, 25 young (51200K), 4 survivors (8192K)
 Metaspace       used 90406K, committed 91264K, reserved 1179648K
  class space    used 11905K, committed 12288K, reserved 1048576K
}
Event: 1241.175 GC heap after
{Heap after GC invocations=67 (full 6):
 garbage-first heap   total 98304K, used 35616K [0x0000000701e00000, 0x0000000800000000)
  region size 2048K, 2 young (4096K), 2 survivors (4096K)
 Metaspace       used 90406K, committed 91264K, reserved 1179648K
  class space    used 11905K, committed 12288K, reserved 1048576K
}
Event: 1286.006 GC heap before
{Heap before GC invocations=67 (full 6):
 garbage-first heap   total 98304K, used 66336K [0x0000000701e00000, 0x0000000800000000)
  region size 2048K, 18 young (36864K), 2 survivors (4096K)
 Metaspace       used 90466K, committed 91392K, reserved 1179648K
  class space    used 11906K, committed 12288K, reserved 1048576K
}
Event: 1286.062 GC heap after
{Heap after GC invocations=68 (full 7):
 garbage-first heap   total 98304K, used 28039K [0x0000000701e00000, 0x0000000800000000)
  region size 2048K, 0 young (0K), 0 survivors (0K)
 Metaspace       used 90378K, committed 91392K, reserved 1179648K
  class space    used 11885K, committed 12288K, reserved 1048576K
}
Event: 1286.956 GC heap before
{Heap before GC invocations=68 (full 7):
 garbage-first heap   total 98304K, used 79239K [0x0000000701e00000, 0x0000000800000000)
  region size 2048K, 26 young (53248K), 0 survivors (0K)
 Metaspace       used 90650K, committed 91520K, reserved 1179648K
  class space    used 11909K, committed 12288K, reserved 1048576K
}
Event: 1286.959 GC heap after
{Heap after GC invocations=69 (full 7):
 garbage-first heap   total 98304K, used 32907K [0x0000000701e00000, 0x0000000800000000)
  region size 2048K, 3 young (6144K), 3 survivors (6144K)
 Metaspace       used 90650K, committed 91520K, reserved 1179648K
  class space    used 11909K, committed 12288K, reserved 1048576K
}
Event: 1330.022 GC heap before
{Heap before GC invocations=70 (full 7):
 garbage-first heap   total 98304K, used 80011K [0x0000000701e00000, 0x0000000800000000)
  region size 2048K, 26 young (53248K), 3 survivors (6144K)
 Metaspace       used 90630K, committed 91584K, reserved 1179648K
  class space    used 11890K, committed 12288K, reserved 1048576K
}
Event: 1330.027 GC heap after
{Heap after GC invocations=71 (full 7):
 garbage-first heap   total 98304K, used 34044K [0x0000000701e00000, 0x0000000800000000)
  region size 2048K, 2 young (4096K), 2 survivors (4096K)
 Metaspace       used 90630K, committed 91584K, reserved 1179648K
  class space    used 11890K, committed 12288K, reserved 1048576K
}
Event: 1400.047 GC heap before
{Heap before GC invocations=71 (full 7):
 garbage-first heap   total 98304K, used 81148K [0x0000000701e00000, 0x0000000800000000)
  region size 2048K, 25 young (51200K), 2 survivors (4096K)
 Metaspace       used 90630K, committed 91584K, reserved 1179648K
  class space    used 11890K, committed 12288K, reserved 1048576K
}
Event: 1400.050 GC heap after
{Heap after GC invocations=72 (full 7):
 garbage-first heap   total 98304K, used 33952K [0x0000000701e00000, 0x0000000800000000)
  region size 2048K, 1 young (2048K), 1 survivors (2048K)
 Metaspace       used 90630K, committed 91584K, reserved 1179648K
  class space    used 11890K, committed 12288K, reserved 1048576K
}
Event: 1475.975 GC heap before
{Heap before GC invocations=72 (full 7):
 garbage-first heap   total 98304K, used 85152K [0x0000000701e00000, 0x0000000800000000)
  region size 2048K, 26 young (53248K), 1 survivors (2048K)
 Metaspace       used 90630K, committed 91584K, reserved 1179648K
  class space    used 11890K, committed 12288K, reserved 1048576K
}
Event: 1475.977 GC heap after
{Heap after GC invocations=73 (full 7):
 garbage-first heap   total 98304K, used 33558K [0x0000000701e00000, 0x0000000800000000)
  region size 2048K, 1 young (2048K), 1 survivors (2048K)
 Metaspace       used 90630K, committed 91584K, reserved 1179648K
  class space    used 11890K, committed 12288K, reserved 1048576K
}
Event: 1551.321 GC heap before
{Heap before GC invocations=74 (full 7):
 garbage-first heap   total 98304K, used 84689K [0x0000000701e00000, 0x0000000800000000)
  region size 2048K, 26 young (53248K), 1 survivors (2048K)
 Metaspace       used 90598K, committed 91584K, reserved 1179648K
  class space    used 11882K, committed 12288K, reserved 1048576K
}
Event: 1551.322 GC heap after
{Heap after GC invocations=75 (full 7):
 garbage-first heap   total 98304K, used 33446K [0x0000000701e00000, 0x0000000800000000)
  region size 2048K, 1 young (2048K), 1 survivors (2048K)
 Metaspace       used 90598K, committed 91584K, reserved 1179648K
  class space    used 11882K, committed 12288K, reserved 1048576K
}
Event: 1627.840 GC heap before
{Heap before GC invocations=75 (full 7):
 garbage-first heap   total 98304K, used 86694K [0x0000000701e00000, 0x0000000800000000)
  region size 2048K, 27 young (55296K), 1 survivors (2048K)
 Metaspace       used 90601K, committed 91584K, reserved 1179648K
  class space    used 11882K, committed 12288K, reserved 1048576K
}
Event: 1627.844 GC heap after
{Heap after GC invocations=76 (full 7):
 garbage-first heap   total 98304K, used 31894K [0x0000000701e00000, 0x0000000800000000)
  region size 2048K, 2 young (4096K), 2 survivors (4096K)
 Metaspace       used 90601K, committed 91584K, reserved 1179648K
  class space    used 11882K, committed 12288K, reserved 1048576K
}

